pipewire
pipewire-alsa
pipewire-audio
pipewire-jack
pipewire-pulse
gst-plugin-pipewire
wireplumber
networkmanager
network-manager-applet
bluez
bluez-utils
blueman
sddm-git
qt5-wayland
qt6-wayland
qt5-quickcontrols
qt5-quickcontrols2
qt5-graphicaleffects
hyprland
dunst
rofi-lbonn-wayland-git
waybar
swww
swaylock-effects-git
wlogout
grimblast-git
hyprpicker-git
slurp
swappy
cliphist
polkit-kde-agent
xdg-desktop-portal-hyprland
pacman-contrib
python-pyamdgpuinfo
parallel
jq
bc
imagemagick
qt5-imageformats
ffmpegthumbs
kde-cli-tools
brightnessctl
pavucontrol
pamixer
nwg-look
kvantum
qt5ct
qt6ct
firefox
kitty
neofetch
dolphin
visual-studio-code-bin
vim
ark
eza|zsh
oh-my-zsh-git|zsh
zsh-theme-powerlevel10k|zsh oh-my-zsh-git
pokemon-colorscripts-git|zsh
lsd|fish
starship|fish
hyprdots-ctl
gparted
wmctrl
plasma-workspace
noto-fonts-emoji
#neovim
#trash-cli-git
#downgrade
steam
gamemode
#gamescope
mangohud
spotify
spicetify-cli
spicetify-themes-git
syncthing
audacity
#citra-qt-git
#cemu-git
#ryujinx-git
#ryusak-bin
drawio-desktop
filezilla
gimp
htop
kcalc
qbittorrent
libreoffice-still
libreoffice-still-es
#prismlauncher
obs-studio
virtualbox
virtualbox-host-modules-arch
virtualbox-guest-iso
virtualbox-unattended-templates
virtualbox-ext-oracle
#pcsx2
#slack-desktop
#termius
#upscayl-appimage
wine
winetricks
ntfs-3g
