Font_CascadiaCove|$HOME/.local/share/fonts
Font_MaterialDesign|$HOME/.local/share/fonts
Font_JetBrainsMono|$HOME/.local/share/fonts
Font_MapleNerd|$HOME/.local/share/fonts
Font_MononokiNerd|$HOME/.local/share/fonts
Font_NotoSansCJK|/usr/share/fonts
Gtk_CatppuccinMocha|/usr/share/themes
Gtk_CatppuccinMocha|$HOME/.themes
Gtk_DecayGreen|/usr/share/themes
Gtk_DecayGreen|$HOME/.themes
Gtk_GruvboxRetro|/usr/share/themes
Gtk_GruvboxRetro|$HOME/.themes
Gtk_RosePine|/usr/share/themes
Gtk_RosePine|$HOME/.themes
Gtk_TokyoNight|/usr/share/themes
Gtk_TokyoNight|$HOME/.themes
Icon_TelaDracula|/usr/share/icons
Icon_TelaDracula|$HOME/.icons
Icon_TelaGreen|/usr/share/icons
Icon_TelaGreen|$HOME/.icons
Icon_TelaPink|/usr/share/icons
Icon_TelaPink|$HOME/.icons
Icon_TelaPurple|/usr/share/icons
Icon_TelaPurple|$HOME/.icons
Icon_Gruvbox|/usr/share/icons
Icon_Gruvbox|$HOME/.icons
Cursor_Gruvbox|/usr/share/icons
Cursor_Gruvbox|$HOME/.icons
Cursor_BibataIce|/usr/share/icons
Cursor_BibataIce|$HOME/.icons